<?xml version="1.0" encoding="UTF-8"?>
<!-- Generated by org.testng.reporters.JUnitXMLReporter -->
<testsuite hostname="ASDW0060" name="Default test" tests="5" failures="0" timestamp="25 Jun 2018 13:27:48 GMT" time="0.139" errors="0">
  <testcase name="testInvalidTurnOfPlayer" time="0.015" classname="com.qait.automation.SnL_Test.Board_Test"/>
  <testcase name="testMaxPlayer" time="0.016" classname="com.qait.automation.SnL_Test.Board_Test"/>
  <testcase name="testPlayerUuidExist" time="0.008" classname="com.qait.automation.SnL_Test.Board_Test"/>
  <testcase name="testToRegisterWhileGameInProgress" time="0.006" classname="com.qait.automation.SnL_Test.Board_Test"/>
  <testcase name="testToRegisterWithSameName" time="0.018" classname="com.qait.automation.SnL_Test.Board_Test"/>
</testsuite> <!-- Default test -->
