<?xml version="1.0" encoding="UTF-8"?>
<!-- Generated by org.testng.reporters.JUnitXMLReporter -->
<testsuite hostname="ASDW0060" name="Default test" tests="5" failures="0" timestamp="25 Jun 2018 14:08:39 GMT" time="0.141" errors="0">
  <testcase name="testInvalidTurnOfPlayer" time="0.016" classname="com.qait.automation.SnL_Test.Board_Test"/>
  <testcase name="testMaxPlayer" time="0.016" classname="com.qait.automation.SnL_Test.Board_Test"/>
  <testcase name="testPlayerUuidExist" time="0.016" classname="com.qait.automation.SnL_Test.Board_Test"/>
  <testcase name="testToRegisterWhileGameInProgress" time="0.0" classname="com.qait.automation.SnL_Test.Board_Test"/>
  <testcase name="testToRegisterWithSameName" time="0.0" classname="com.qait.automation.SnL_Test.Board_Test"/>
</testsuite> <!-- Default test -->
